-------------------------------------------------------------------------------
Test set: Wiki title verifications
-------------------------------------------------------------------------------
Tests run: 10, Failures: 1, Errors: 0, Skipped: 0, Time elapsed: 31.982 s <<< FAILURE! - in Wiki title verifications
Wiki title verifications.Search functionality header verification #1  Time elapsed: 1.847 s  <<< FAILURE!
org.junit.ComparisonFailure: expected:<[Steve Jobs]> but was:<[sdfsd]>

